<?xml version="1.0" encoding="UTF-8"?>
<!-- Generated by org.testng.reporters.JUnitReportReporter -->
<testsuite skipped="0" hostname="LAPTOP-FLI4N4OU" name="testCases.TC_002_Login" tests="1" failures="0" timestamp="2022-01-03T22:48:27 EST" time="2.162" errors="0">
  <testcase name="text_Login" time="2.162" classname="testCases.TC_002_Login"/>
  <system-out/>
</testsuite> <!-- testCases.TC_002_Login -->
