<?xml version="1.0" encoding="UTF-8"?>
<!-- Generated by org.testng.reporters.JUnitReportReporter -->
<testsuite skipped="0" hostname="LAPTOP-FLI4N4OU" name="testCases.TC_001_AccountRegistration" tests="1" failures="0" timestamp="2022-01-03T22:56:53 EST" time="2.355" errors="0">
  <testcase name="test_account_Registration" time="2.355" classname="testCases.TC_001_AccountRegistration"/>
  <system-out/>
</testsuite> <!-- testCases.TC_001_AccountRegistration -->
